<?xml version="1.0" encoding="UTF-8"?>
<!-- Generated by org.testng.reporters.JUnitReportReporter -->
<testsuite hostname="GautamAnand" failures="0" tests="1" name="TestClasses.BookToCart" time="31.760" errors="0" timestamp="2024-12-24T12:54:30 IST" skipped="0">
  <testcase classname="TestClasses.BookToCart" name="addBookToCart" time="31.760"/>
</testsuite> <!-- TestClasses.BookToCart -->
